<?xml version="1.0" encoding="UTF-8" ?>
<testsuite failures="0" time="0.338" errors="0" skipped="0" tests="8" name="org.n10.codestory.s03e01.core.SmartElevatorTest">
  <properties>
[...]
</properties>
  <testcase time="0.322" classname="org.n10.codestory.s03e01.core.SmartElevatorTest" name="shouldGoToGo"/>
  <testcase time="0.001" classname="org.n10.codestory.s03e01.core.SmartElevatorTest" name="shouldGoThroughTheWholeTargets"/>
  <testcase time="0.005" classname="org.n10.codestory.s03e01.core.SmartElevatorTest" name="shouldGoThroughTheWholeTargetsWithState"/>
  <testcase time="0" classname="org.n10.codestory.s03e01.core.SmartElevatorTest" name="shouldGoToCall"/>
  <testcase time="0" classname="org.n10.codestory.s03e01.core.SmartElevatorTest" name="shouldGoToCallThenGoDown"/>
  <testcase time="0" classname="org.n10.codestory.s03e01.core.SmartElevatorTest" name="shouldSkipFirstReverse"/>
  <testcase time="0" classname="org.n10.codestory.s03e01.core.SmartElevatorTest" name="shouldDoNothingAtStart"/>
  <testcase time="0" classname="org.n10.codestory.s03e01.core.SmartElevatorTest" name="shouldNotKeep"/>
</testsuite>